============================= test session starts ==============================
platform linux -- Python 3.11.15, pytest-8.2.2, pluggy-1.6.0 -- /home/redoslek/projects/technikum-portal/venv/bin/python3
cachedir: .pytest_cache
django: version: 5.0.6, settings: config.settings (from ini)
rootdir: /home/redoslek/projects/technikum-portal
configfile: pytest.ini
plugins: playwright-0.5.0, base-url-2.1.0, Faker-40.31.0, django-4.8.0, cov-5.0.0, xdist-3.6.1
collecting ... collected 131 items

tests/integration/test_all_pages_access.py::test_all_role_pages_accessibility PASSED [  0%]
tests/integration/test_auth.py::TestAuthAndRouting::test_successful_login_returns_tokens_and_flags PASSED [  1%]
tests/integration/test_auth.py::TestAuthAndRouting::test_login_with_nonexistent_email_returns_generic_401 PASSED [  2%]
tests/integration/test_auth.py::TestAuthAndRouting::test_login_with_wrong_password_returns_generic_401 PASSED [  3%]
tests/integration/test_auth.py::TestAuthAndRouting::test_login_with_blocked_user_returns_specific_401 PASSED [  3%]
tests/integration/test_auth.py::TestAuthAndRouting::test_routing_for_curator_with_teacher_role PASSED [  4%]
tests/integration/test_auth.py::TestAuthAndRouting::test_routing_for_admin_has_highest_priority PASSED [  5%]
tests/integration/test_auth.py::TestAuthAndRouting::test_force_password_change_flag_is_present PASSED [  6%]
tests/integration/test_auth_login.py::TestLoginAPI::test_1_1_12_login_invalid_credentials PASSED [  6%]
tests/integration/test_auth_login.py::TestLoginAPI::test_1_1_13_login_blocked_user PASSED [  7%]
tests/integration/test_auth_login.py::TestLoginAPI::test_1_1_7_backend_email_validation PASSED [  8%]
tests/integration/test_block_1_auth_nav.py::TestBlock1AuthAndNavigation::test_login_success_redirects PASSED [  9%]
tests/integration/test_block_1_auth_nav.py::TestBlock1AuthAndNavigation::test_login_invalid_credentials PASSED [  9%]
tests/integration/test_block_1_auth_nav.py::TestBlock1AuthAndNavigation::test_login_blocked_user PASSED [ 10%]
tests/integration/test_block_1_auth_nav.py::TestBlock1AuthAndNavigation::test_role_switching_updates_context PASSED [ 11%]
tests/integration/test_block_1_auth_nav.py::TestBlock1AuthAndNavigation::test_student_access_denied_to_admin PASSED [ 12%]
tests/integration/test_block_1_auth_nav.py::TestBlock1AuthAndNavigation::test_force_password_change_flag PASSED [ 12%]
tests/integration/test_block_1_auth_nav.py::TestBlock1AuthAndNavigation::test_admin_can_reset_password PASSED [ 13%]
tests/integration/test_block_1_auth_nav.py::TestBlock1AuthAndNavigation::test_sidebar_endpoints_exist PASSED [ 14%]
tests/integration/test_force_password_change.py::TestForcePasswordChangeAPI::test_1_2_4_weak_password PASSED [ 15%]
tests/integration/test_force_password_change.py::TestForcePasswordChangeAPI::test_1_2_5_passwords_mismatch PASSED [ 16%]
tests/integration/test_force_password_change.py::TestForcePasswordChangeAPI::test_1_2_6_same_as_current PASSED [ 16%]
tests/integration/test_force_password_change.py::TestForcePasswordChangeAPI::test_1_2_7_successful_change PASSED [ 17%]
tests/integration/test_password_change.py::TestForcePasswordChange::test_force_change_password_success PASSED [ 18%]
tests/integration/test_password_change.py::TestForcePasswordChange::test_force_change_password_weak_password PASSED [ 19%]
tests/integration/test_password_change.py::TestForcePasswordChange::test_force_change_password_same_as_current PASSED [ 19%]
tests/integration/test_password_change.py::TestForcePasswordChange::test_force_change_password_mismatch PASSED [ 20%]
tests/integration/test_password_change.py::TestForcePasswordChange::test_force_change_password_no_uppercase PASSED [ 21%]
tests/integration/test_password_change.py::TestForcePasswordChange::test_force_change_password_no_digit PASSED [ 22%]
tests/integration/test_password_change.py::TestForcePasswordChange::test_force_change_password_no_special PASSED [ 22%]
tests/integration/test_password_change.py::TestForcePasswordChange::test_force_change_password_unauthenticated PASSED [ 23%]
tests/integration/test_personal_data_api.py::TestStudentProfileAPI::test_get_student_profile PASSED [ 24%]
tests/integration/test_personal_data_api.py::TestStudentProfileAPI::test_update_student_profile_valid PASSED [ 25%]
tests/integration/test_personal_data_api.py::TestStudentProfileAPI::test_update_student_profile_invalid_snils PASSED [ 25%]
tests/integration/test_personal_data_api.py::TestStudentProfileAPI::test_duplicate_snils_rejected PASSED [ 26%]
tests/integration/test_personal_data_api.py::TestPassportAPI::test_create_passport_rf PASSED [ 27%]
tests/integration/test_personal_data_api.py::TestPassportAPI::test_create_passport_issue_before_14 PASSED [ 28%]
tests/integration/test_personal_data_api.py::TestPassportAPI::test_create_foreign_passport PASSED [ 29%]
tests/integration/test_personal_data_api.py::TestHealthAPI::test_create_health_healthy PASSED [ 29%]
tests/integration/test_personal_data_api.py::TestHealthAPI::test_create_health_chronic_without_diagnosis PASSED [ 30%]
tests/integration/test_personal_data_api.py::TestHealthAPI::test_create_health_invalid_oms PASSED [ 31%]
tests/integration/test_personal_data_api.py::TestFamilyAPI::test_create_family PASSED [ 32%]
tests/integration/test_personal_data_api.py::TestFamilyAPI::test_create_family_negative_count PASSED [ 32%]
tests/integration/test_personal_data_api.py::TestFamilyAPI::test_add_family_member PASSED [ 33%]
tests/integration/test_personal_data_api.py::TestFamilyAPI::test_add_two_priority_contacts PASSED [ 34%]
tests/integration/test_personal_data_api.py::TestEducationAPI::test_create_education_institution PASSED [ 35%]
tests/integration/test_personal_data_api.py::TestEducationAPI::test_create_education_graduation_before_birth PASSED [ 35%]
tests/integration/test_ready_pages_api.py::test_ready_api_endpoints PASSED [ 36%]
tests/integration/test_role_security.py::TestRoleSecurity::test_1_6_3_student_cannot_access_admin PASSED [ 37%]
tests/integration/test_role_security.py::TestRoleSecurity::test_1_6_4_student_cannot_access_teacher_statements PASSED [ 38%]
tests/integration/test_role_security.py::TestRoleSecurity::test_1_6_5_student_cannot_access_curator_group PASSED [ 38%]
tests/integration/test_role_security.py::TestRoleSecurity::test_1_6_11_request_without_active_role_header PASSED [ 39%]
tests/integration/test_role_security.py::TestRoleSecurity::test_1_6_12_curator_access_to_own_group PASSED [ 40%]
tests/integration/test_role_switching.py::TestRoleSwitching::test_multi_role_user_switches_to_valid_role PASSED [ 41%]
tests/integration/test_role_switching.py::TestRoleSwitching::test_user_denied_access_to_role_they_dont_have PASSED [ 41%]
tests/integration/test_role_switching.py::TestRoleSwitching::test_request_without_active_role_header_is_denied PASSED [ 42%]
tests/integration/test_role_switching.py::TestRoleSwitching::test_priority_role_selection_on_startup PASSED [ 43%]
tests/integration/test_sidebar.py::TestSidebarRoleHeader::test_request_without_role_header_is_rejected PASSED [ 44%]
tests/integration/test_sidebar.py::TestSidebarRoleHeader::test_request_with_wrong_role_header_is_rejected PASSED [ 45%]
tests/integration/test_sidebar.py::TestSidebarRoleHeader::test_student_with_correct_role_header_can_access_notifications PASSED [ 45%]
tests/integration/test_sidebar.py::TestSidebarRoleHeader::test_curator_with_correct_role_header_can_access_group PASSED [ 46%]
tests/integration/test_sidebar.py::TestSidebarRoleHeader::test_teacher_with_correct_role_header_can_access_statements PASSED [ 47%]
tests/integration/test_sidebar_filters.py::TestSidebarFiltersAndPagination::test_student_grades_filters_via_query_params PASSED [ 48%]
tests/integration/test_sidebar_filters.py::TestSidebarFiltersAndPagination::test_curator_group_filters_via_query_params PASSED [ 48%]
tests/integration/test_sidebar_filters.py::TestSidebarFiltersAndPagination::test_default_pagination_parameters PASSED [ 49%]
tests/integration/test_statements_actions.py::TestStatementsActions::test_5_3_1_edit_grade_in_work PASSED [ 50%]
tests/integration/test_statements_actions.py::TestStatementsActions::test_5_3_2_edit_grade_closed PASSED [ 51%]
tests/integration/test_statements_actions.py::TestStatementsActions::test_5_3_3_edit_grade_archived PASSED [ 51%]
tests/integration/test_statements_actions.py::TestStatementsActions::test_5_3_4_teacher_cannot_edit_others_grade PASSED [ 52%]
tests/integration/test_statements_actions.py::TestStatementsActions::test_5_3_5_invalid_grade_validation PASSED [ 53%]
tests/integration/test_statements_actions.py::TestStatementsActions::test_5_3_6_auto_date_on_save PASSED [ 54%]
tests/integration/test_statements_actions.py::TestStatementsActions::test_5_4_1_import_valid_excel PASSED [ 54%]
tests/integration/test_statements_actions.py::TestStatementsActions::test_5_4_3_import_others_statement PASSED [ 55%]
tests/integration/test_statements_actions.py::TestStatementsActions::test_5_5_1_export_excel PASSED [ 56%]
tests/integration/test_statements_actions.py::TestStatementsActions::test_5_5_2_generate_docx PASSED [ 57%]
tests/integration/test_statements_actions.py::TestStatementsActions::test_5_5_3_export_others_statement PASSED [ 58%]
tests/integration/test_statements_security.py::TestStatementsSecurity::test_5_1_1_teacher_sees_own_statements PASSED [ 58%]
tests/integration/test_statements_security.py::TestStatementsSecurity::test_5_1_2_teacher_cannot_see_others_statements PASSED [ 59%]
tests/integration/test_statements_security.py::TestStatementsSecurity::test_5_2_1_student_cannot_access_teacher_statements PASSED [ 60%]
tests/integration/test_statements_security.py::TestStatementsSecurity::test_5_2_3_teacher_cannot_access_other_teacher_grades PASSED [ 61%]
tests/integration/test_statements_security.py::TestStatementsSecurity::test_5_2_5_admin_sees_all_statements PASSED [ 61%]
tests/integration/test_statements_security.py::TestStatementsSecurity::test_5_2_7_student_sees_only_own_grades PASSED [ 62%]
tests/integration/test_statements_security_and_actions.py::TestStatementsSecurityAndActions::test_5_2_4_curator_without_teacher_cannot_see_statements PASSED [ 63%]
tests/integration/test_statements_security_and_actions.py::TestStatementsSecurityAndActions::test_5_2_6_student_cannot_edit_grades PASSED [ 64%]
tests/integration/test_statements_security_and_actions.py::TestStatementsSecurityAndActions::test_5_2_8_student_cannot_see_other_student_grades PASSED [ 64%]
tests/integration/test_statements_security_and_actions.py::TestStatementsSecurityAndActions::test_5_4_2_excel_mismatched_names PASSED [ 65%]
tests/integration/test_statements_security_and_actions.py::TestStatementsSecurityAndActions::test_5_4_4_empty_file PASSED [ 66%]
tests/integration/test_statements_security_and_actions.py::TestStatementsSecurityAndActions::test_5_5_3_export_others_statement PASSED [ 67%]
tests/integration/test_student_navigation.py::test_role_based_navigation_and_access_control PASSED [ 67%]
tests/integration/test_ui_theme.py::TestUIThemeAndHeader::test_full_name_in_profile_response PASSED [ 68%]
tests/integration/test_ui_theme.py::TestUIThemeAndHeader::test_campus_data_available_for_footer PASSED [ 69%]
tests/unit/test_validators.py::TestSnilsValidation::test_valid_snils_checksum PASSED [ 70%]
tests/unit/test_validators.py::TestSnilsValidation::test_invalid_snils_checksum PASSED [ 70%]
tests/unit/test_validators.py::TestSnilsValidation::test_snils_format_regex PASSED [ 71%]
tests/unit/test_validators.py::TestInnValidation::test_valid_inn_length PASSED [ 72%]
tests/unit/test_validators.py::TestInnValidation::test_invalid_inn_length PASSED [ 73%]
tests/unit/test_validators.py::TestInnValidation::test_inn_allows_empty PASSED [ 74%]
tests/unit/test_validators_personal_data.py::TestSnilsValidation::test_valid_snils_format PASSED [ 74%]
tests/unit/test_validators_personal_data.py::TestSnilsValidation::test_valid_snils_checksum PASSED [ 75%]
tests/unit/test_validators_personal_data.py::TestSnilsValidation::test_invalid_snils_checksum PASSED [ 76%]
tests/unit/test_validators_personal_data.py::TestSnilsValidation::test_invalid_snils_format PASSED [ 77%]
tests/unit/test_validators_personal_data.py::TestSnilsValidation::test_snils_with_letters PASSED [ 77%]
tests/unit/test_validators_personal_data.py::TestSnilsValidation::test_snils_too_short PASSED [ 78%]
tests/unit/test_validators_personal_data.py::TestInnValidation::test_valid_inn_12_digits PASSED [ 79%]
tests/unit/test_validators_personal_data.py::TestInnValidation::test_valid_inn_empty PASSED [ 80%]
tests/unit/test_validators_personal_data.py::TestInnValidation::test_invalid_inn_10_digits PASSED [ 80%]
tests/unit/test_validators_personal_data.py::TestInnValidation::test_invalid_inn_letters PASSED [ 81%]
tests/unit/test_validators_personal_data.py::TestInnValidation::test_invalid_inn_too_long PASSED [ 82%]
tests/unit/test_validators_personal_data.py::TestPhoneValidation::test_valid_phone_format PASSED [ 83%]
tests/unit/test_validators_personal_data.py::TestPhoneValidation::test_valid_phone_with_plus PASSED [ 83%]
tests/unit/test_validators_personal_data.py::TestPhoneValidation::test_invalid_phone_too_short PASSED [ 84%]
tests/unit/test_validators_personal_data.py::TestPhoneValidation::test_invalid_phone_letters PASSED [ 85%]
tests/unit/test_validators_personal_data.py::TestEmailValidation::test_valid_email PASSED [ 86%]
tests/unit/test_validators_personal_data.py::TestEmailValidation::test_invalid_email_no_at PASSED [ 87%]
tests/unit/test_validators_personal_data.py::TestEmailValidation::test_invalid_email_no_domain PASSED [ 87%]
tests/unit/test_validators_personal_data.py::TestEmailValidation::test_invalid_email_spaces PASSED [ 88%]
tests/unit/test_validators_personal_data.py::TestBirthDateValidation::test_valid_birth_date PASSED [ 89%]
tests/unit/test_validators_personal_data.py::TestBirthDateValidation::test_invalid_birth_date_future PASSED [ 90%]
tests/unit/test_validators_personal_data.py::TestBirthDateValidation::test_invalid_birth_date_too_old PASSED [ 90%]
tests/unit/test_validators_personal_data.py::TestPassportValidation::test_valid_passport_series_rf PASSED [ 91%]
tests/unit/test_validators_personal_data.py::TestPassportValidation::test_invalid_passport_series_rf_letters PASSED [ 92%]
tests/unit/test_validators_personal_data.py::TestPassportValidation::test_valid_passport_number_rf PASSED [ 93%]
tests/unit/test_validators_personal_data.py::TestPassportValidation::test_invalid_passport_number_rf_too_short PASSED [ 93%]
tests/unit/test_validators_personal_data.py::TestPassportValidation::test_valid_passport_issue_date PASSED [ 94%]
tests/unit/test_validators_personal_data.py::TestPassportValidation::test_invalid_passport_issue_date_before_14 PASSED [ 95%]
tests/unit/test_validators_personal_data.py::TestPassportValidation::test_valid_passport_code PASSED [ 96%]
tests/unit/test_validators_personal_data.py::TestPassportValidation::test_invalid_passport_code_format PASSED [ 96%]
tests/unit/test_validators_personal_data.py::TestOmsValidation::test_valid_oms_16_digits PASSED [ 97%]
tests/unit/test_validators_personal_data.py::TestOmsValidation::test_valid_oms_10_digits PASSED [ 98%]
tests/unit/test_validators_personal_data.py::TestOmsValidation::test_invalid_oms_5_digits PASSED [ 99%]
tests/unit/test_validators_personal_data.py::TestOmsValidation::test_valid_oms_empty PASSED [100%]

=============================== warnings summary ===============================
tests/integration/test_all_pages_access.py::test_all_role_pages_accessibility
  /home/redoslek/projects/technikum-portal/venv/lib64/python3.11/site-packages/rest_framework/pagination.py:208: UnorderedObjectListWarning: Pagination may yield inconsistent results with an unordered object_list: <class 'core.models.StudentPracticePlace'> QuerySet.
    paginator = self.django_paginator_class(queryset, page_size)

-- Docs: https://docs.pytest.org/en/stable/how-to/capture-warnings.html
======================= 131 passed, 1 warning in 31.28s ========================
